Handling intent
Executing camera intent
camera
Handling intent
Executing camera intent
camera
Handling intent
Handling intent
stop_camera
Handling intent
Executing stop camera intent
stop_camera
Handling intent
Executing camera intent
Handling intent
Executing camera intent
Handling intent
Executing stop camera intent
Handling intent
Executing stop camera intent
stop_camera
Handling intent
Executing camera intent
Handling intent
Executing camera intent
camera
Handling intent
Executing stop camera intent
Handling intent
Executing camera intent
